<?xml version="1.0" encoding="UTF-8"?>
<TestRun id="91db18d1-318d-418c-ae41-2e3c6fe563e5" name="occ@LTOCC02 2012-06-21 09:51:49" runUser="TRIVADIS\occ" xmlns="http://microsoft.com/schemas/VisualStudio/TeamTest/2010">
  <TestSettings name="Local" id="724721d2-f82d-4ec4-a0cf-60fd156ab3b3">
    <Description>These are default test settings for a local test run.</Description>
    <Deployment enabled="false" runDeploymentRoot="occ_LTOCC02 2012-06-21 09_51_49">
      <DeploymentItem filename="C:\_HFU\ASP\_Demos\270-Testing\TestDriven.Calculator\TestDriven.Calculator\bin\Debug\TestDriven.Calculator.dll" />
      <DeploymentItem filename="C:\_HFU\ASP\_Demos\270-Testing\TestDriven.Calculator\TestDriven.Calculator.Core\bin\Debug\TestDriven.Calculator.Core.dll" />
    </Deployment>
    <Execution>
      <TestTypeSpecific />
      <AgentRule name="Execution Agents">
      </AgentRule>
    </Execution>
  </TestSettings>
  <Times creation="2012-06-21T09:51:49.6077011+02:00" queuing="2012-06-21T09:51:49.6687011+02:00" start="2012-06-21T09:51:49.6727011+02:00" finish="2012-06-21T09:51:50.0737011+02:00" />
  <ResultSummary outcome="Failed">
    <Counters total="3" executed="3" passed="1" error="0" failed="2" timeout="0" aborted="0" inconclusive="0" passedButRunAborted="0" notRunnable="0" notExecuted="0" disconnected="0" warning="0" completed="0" inProgress="0" pending="0" />
  </ResultSummary>
  <TestDefinitions>
    <UnitTest name="CalculatorSubtractionTest" storage="c:\_hfu\asp\_demos\270-testing\testdriven.calculator\testproject1\bin\debug\testproject1.dll" id="f5f57668-1cfb-44c3-8a20-29d5bb10f004">
      <Execution id="d897d952-2a57-4806-a446-d8968b40aea1" />
      <TestMethod codeBase="C:/_HFU/ASP/_Demos/270-Testing/TestDriven.Calculator/TestProject1/bin/Debug/TestProject1.DLL" adapterTypeName="Microsoft.VisualStudio.TestTools.TestTypes.Unit.UnitTestAdapter, Microsoft.VisualStudio.QualityTools.Tips.UnitTest.Adapter, Version=10.0.0.0, Culture=neutral, PublicKeyToken=b03f5f7f11d50a3a" className="TestProject1.CalculatorTest, TestProject1, Version=1.0.0.0, Culture=neutral, PublicKeyToken=null" name="CalculatorSubtractionTest" />
    </UnitTest>
    <UnitTest name="CalculatorAdditionTest" storage="c:\_hfu\asp\_demos\270-testing\testdriven.calculator\testproject1\bin\debug\testproject1.dll" id="93aeff83-719d-1073-3b95-44aefb56c5ce">
      <Execution id="689d91aa-2b67-4746-b4f0-9e5f04133267" />
      <TestMethod codeBase="C:/_HFU/ASP/_Demos/270-Testing/TestDriven.Calculator/TestProject1/bin/Debug/TestProject1.DLL" adapterTypeName="Microsoft.VisualStudio.TestTools.TestTypes.Unit.UnitTestAdapter, Microsoft.VisualStudio.QualityTools.Tips.UnitTest.Adapter, Version=10.0.0.0, Culture=neutral, PublicKeyToken=b03f5f7f11d50a3a" className="TestProject1.CalculatorTest, TestProject1, Version=1.0.0.0, Culture=neutral, PublicKeyToken=null" name="CalculatorAdditionTest" />
    </UnitTest>
    <UnitTest name="CalculatorConstructorTest" storage="c:\_hfu\asp\_demos\270-testing\testdriven.calculator\testproject1\bin\debug\testproject1.dll" id="91666d06-9d44-96d1-460c-6e40fbf20583">
      <Execution id="d13528d5-f806-4376-9e78-64ade4c8a787" />
      <TestMethod codeBase="C:/_HFU/ASP/_Demos/270-Testing/TestDriven.Calculator/TestProject1/bin/Debug/TestProject1.DLL" adapterTypeName="Microsoft.VisualStudio.TestTools.TestTypes.Unit.UnitTestAdapter, Microsoft.VisualStudio.QualityTools.Tips.UnitTest.Adapter, Version=10.0.0.0, Culture=neutral, PublicKeyToken=b03f5f7f11d50a3a" className="TestProject1.CalculatorTest, TestProject1, Version=1.0.0.0, Culture=neutral, PublicKeyToken=null" name="CalculatorConstructorTest" />
    </UnitTest>
  </TestDefinitions>
  <TestLists>
    <TestList name="Results Not in a List" id="8c84fa94-04c1-424b-9868-57a2d4851a1d" />
    <TestList name="All Loaded Results" id="19431567-8539-422a-85d7-44ee4e166bda" />
  </TestLists>
  <TestEntries>
    <TestEntry testId="91666d06-9d44-96d1-460c-6e40fbf20583" executionId="d13528d5-f806-4376-9e78-64ade4c8a787" testListId="8c84fa94-04c1-424b-9868-57a2d4851a1d" />
    <TestEntry testId="93aeff83-719d-1073-3b95-44aefb56c5ce" executionId="689d91aa-2b67-4746-b4f0-9e5f04133267" testListId="8c84fa94-04c1-424b-9868-57a2d4851a1d" />
    <TestEntry testId="f5f57668-1cfb-44c3-8a20-29d5bb10f004" executionId="d897d952-2a57-4806-a446-d8968b40aea1" testListId="8c84fa94-04c1-424b-9868-57a2d4851a1d" />
  </TestEntries>
  <Results>
    <UnitTestResult executionId="d13528d5-f806-4376-9e78-64ade4c8a787" testId="91666d06-9d44-96d1-460c-6e40fbf20583" testName="CalculatorConstructorTest" computerName="LTOCC02" duration="00:00:00.0116922" startTime="2012-06-21T09:51:49.6757011+02:00" endTime="2012-06-21T09:51:49.8267011+02:00" testType="13cdc9d9-ddb5-4fa4-a97d-d965ccfc6d4b" outcome="Passed" testListId="8c84fa94-04c1-424b-9868-57a2d4851a1d" relativeResultsDirectory="d13528d5-f806-4376-9e78-64ade4c8a787">
    </UnitTestResult>
    <UnitTestResult executionId="689d91aa-2b67-4746-b4f0-9e5f04133267" testId="93aeff83-719d-1073-3b95-44aefb56c5ce" testName="CalculatorAdditionTest" computerName="LTOCC02" duration="00:00:00.0406670" startTime="2012-06-21T09:51:49.8307011+02:00" endTime="2012-06-21T09:51:49.8737011+02:00" testType="13cdc9d9-ddb5-4fa4-a97d-d965ccfc6d4b" outcome="Failed" testListId="8c84fa94-04c1-424b-9868-57a2d4851a1d" relativeResultsDirectory="689d91aa-2b67-4746-b4f0-9e5f04133267">
      <Output>
        <ErrorInfo>
          <Message>Test method TestProject1.CalculatorTest.CalculatorAdditionTest threw exception: 
System.Exception: The method or operation is not implemented.</Message>
          <StackTrace>    at TestDriven.Calculator.Calculator.Add(Double value) in C:\_HFU\ASP\_Demos\270-Testing\TestDriven.Calculator\TestDriven.Calculator\Calculator.cs:line 27
   at TestProject1.CalculatorTest.CalculatorAdditionTest() in C:\_HFU\ASP\_Demos\270-Testing\TestDriven.Calculator\TestProject1\CalculatorTest.cs:line 87
</StackTrace>
        </ErrorInfo>
      </Output>
    </UnitTestResult>
    <UnitTestResult executionId="d897d952-2a57-4806-a446-d8968b40aea1" testId="f5f57668-1cfb-44c3-8a20-29d5bb10f004" testName="CalculatorSubtractionTest" computerName="LTOCC02" duration="00:00:00.0077179" startTime="2012-06-21T09:51:49.8757011+02:00" endTime="2012-06-21T09:51:49.9037011+02:00" testType="13cdc9d9-ddb5-4fa4-a97d-d965ccfc6d4b" outcome="Failed" testListId="8c84fa94-04c1-424b-9868-57a2d4851a1d" relativeResultsDirectory="d897d952-2a57-4806-a446-d8968b40aea1">
      <Output>
        <ErrorInfo>
          <Message>Test method TestProject1.CalculatorTest.CalculatorSubtractionTest threw exception: 
System.Exception: The method or operation is not implemented.</Message>
          <StackTrace>    at TestDriven.Calculator.Calculator.Subtract(Double value) in C:\_HFU\ASP\_Demos\270-Testing\TestDriven.Calculator\TestDriven.Calculator\Calculator.cs:line 32
   at TestProject1.CalculatorTest.CalculatorSubtractionTest() in C:\_HFU\ASP\_Demos\270-Testing\TestDriven.Calculator\TestProject1\CalculatorTest.cs:line 106
</StackTrace>
        </ErrorInfo>
      </Output>
    </UnitTestResult>
  </Results>
</TestRun>